<?xml version="1.0" encoding="UTF-8"?>
<!-- Generated by org.testng.reporters.JUnitXMLReporter -->
<testsuite hostname="DESKTOP-B2UQ05A" ignored="12" name="Test" tests="12" failures="0" timestamp="2022-07-14T16:47:54 IST" time="0.959" errors="0">
  <testcase name="@BeforeClass launchBrowser" time="-1.65779747355E9" classname="com.vtiger.comcast.GENERICUTILITY.BaseClass">
    <failure type="org.testng.TestNGException" message="
Parameter &amp;apos;Browser&amp;apos; is required by BeforeClass on method launchBrowser but has not been marked @Optional or defined
in C:\Users\Dell\eclipse-workspace\com.crm.comcast.SDET36\hole.xml">
      <![CDATA[org.testng.TestNGException: 
Parameter 'Browser' is required by BeforeClass on method launchBrowser but has not been marked @Optional or defined
in C:\Users\Dell\eclipse-workspace\com.crm.comcast.SDET36\hole.xml
at java.util.ArrayList.forEach(ArrayList.java:1259)
... Removed 22 stack frames]]>
    </failure>
  </testcase> <!-- @BeforeClass launchBrowser -->
  <testcase name="@BeforeMethod loginapp" time="0.029" classname="com.vtiger.comcast.GENERICUTILITY.BaseClass">
    <failure type="java.lang.NullPointerException">
      <![CDATA[java.lang.NullPointerException
at com.crm.comcast.PomRepository.LoginPage.loginToVtiger(LoginPage.java:54)
at com.vtiger.comcast.GENERICUTILITY.BaseClass.loginapp(BaseClass.java:64)
at java.util.ArrayList.forEach(ArrayList.java:1259)
... Removed 31 stack frames]]>
    </failure>
  </testcase> <!-- @BeforeMethod loginapp -->
  <testcase name="@AfterMethod logoutApp" time="0.009" classname="com.vtiger.comcast.GENERICUTILITY.BaseClass">
    <failure type="java.lang.IllegalArgumentException" message="Driver must be set">
      <![CDATA[java.lang.IllegalArgumentException: Driver must be set
at org.openqa.selenium.internal.Require.nonNull(Require.java:59)
at org.openqa.selenium.interactions.Actions.<init>(Actions.java:68)
at com.vtiger.comcast.GENERICUTILITY.WebDriverUtility.mouseOverOnElement(WebDriverUtility.java:163)
at com.crm.comcast.PomRepository.HomePage.signout(HomePage.java:110)
at com.vtiger.comcast.GENERICUTILITY.BaseClass.logoutApp(BaseClass.java:73)
at java.util.ArrayList.forEach(ArrayList.java:1259)
... Removed 32 stack frames]]>
    </failure>
  </testcase> <!-- @AfterMethod logoutApp -->
  <testcase name="@AfterClass closeBrowser" time="0.001" classname="com.vtiger.comcast.GENERICUTILITY.BaseClass">
    <failure type="java.lang.NullPointerException">
      <![CDATA[java.lang.NullPointerException
at com.vtiger.comcast.GENERICUTILITY.BaseClass.closeBrowser(BaseClass.java:81)
at java.util.ArrayList.forEach(ArrayList.java:1259)
... Removed 25 stack frames]]>
    </failure>
  </testcase> <!-- @AfterClass closeBrowser -->
  <testcase name="@BeforeClass launchBrowser" time="-1.657797473619E9" classname="com.vtiger.comcast.GENERICUTILITY.BaseClass">
    <failure type="org.testng.TestNGException" message="
Parameter &amp;apos;Browser&amp;apos; is required by BeforeClass on method launchBrowser but has not been marked @Optional or defined
in C:\Users\Dell\eclipse-workspace\com.crm.comcast.SDET36\hole.xml">
      <![CDATA[org.testng.TestNGException: 
Parameter 'Browser' is required by BeforeClass on method launchBrowser but has not been marked @Optional or defined
in C:\Users\Dell\eclipse-workspace\com.crm.comcast.SDET36\hole.xml
at java.util.ArrayList.forEach(ArrayList.java:1259)
... Removed 22 stack frames]]>
    </failure>
  </testcase> <!-- @BeforeClass launchBrowser -->
  <testcase name="@BeforeMethod loginapp" time="0.002" classname="com.vtiger.comcast.GENERICUTILITY.BaseClass">
    <failure type="java.lang.NullPointerException">
      <![CDATA[java.lang.NullPointerException
at com.crm.comcast.PomRepository.LoginPage.loginToVtiger(LoginPage.java:54)
at com.vtiger.comcast.GENERICUTILITY.BaseClass.loginapp(BaseClass.java:64)
at java.util.ArrayList.forEach(ArrayList.java:1259)
... Removed 31 stack frames]]>
    </failure>
  </testcase> <!-- @BeforeMethod loginapp -->
  <testcase name="@AfterMethod logoutApp" time="0.001" classname="com.vtiger.comcast.GENERICUTILITY.BaseClass">
    <failure type="java.lang.IllegalArgumentException" message="Driver must be set">
      <![CDATA[java.lang.IllegalArgumentException: Driver must be set
at org.openqa.selenium.internal.Require.nonNull(Require.java:59)
at org.openqa.selenium.interactions.Actions.<init>(Actions.java:68)
at com.vtiger.comcast.GENERICUTILITY.WebDriverUtility.mouseOverOnElement(WebDriverUtility.java:163)
at com.crm.comcast.PomRepository.HomePage.signout(HomePage.java:110)
at com.vtiger.comcast.GENERICUTILITY.BaseClass.logoutApp(BaseClass.java:73)
at java.util.ArrayList.forEach(ArrayList.java:1259)
... Removed 32 stack frames]]>
    </failure>
  </testcase> <!-- @AfterMethod logoutApp -->
  <testcase name="@AfterClass closeBrowser" time="0.0" classname="com.vtiger.comcast.GENERICUTILITY.BaseClass">
    <failure type="java.lang.NullPointerException">
      <![CDATA[java.lang.NullPointerException
at com.vtiger.comcast.GENERICUTILITY.BaseClass.closeBrowser(BaseClass.java:81)
at java.util.ArrayList.forEach(ArrayList.java:1259)
... Removed 25 stack frames]]>
    </failure>
  </testcase> <!-- @AfterClass closeBrowser -->
  <testcase name="@BeforeClass launchBrowser" time="-1.657797473634E9" classname="com.vtiger.comcast.GENERICUTILITY.BaseClass">
    <failure type="org.testng.TestNGException" message="
Parameter &amp;apos;Browser&amp;apos; is required by BeforeClass on method launchBrowser but has not been marked @Optional or defined
in C:\Users\Dell\eclipse-workspace\com.crm.comcast.SDET36\hole.xml">
      <![CDATA[org.testng.TestNGException: 
Parameter 'Browser' is required by BeforeClass on method launchBrowser but has not been marked @Optional or defined
in C:\Users\Dell\eclipse-workspace\com.crm.comcast.SDET36\hole.xml
at java.util.ArrayList.forEach(ArrayList.java:1259)
... Removed 22 stack frames]]>
    </failure>
  </testcase> <!-- @BeforeClass launchBrowser -->
  <testcase name="@BeforeMethod loginapp" time="0.003" classname="com.vtiger.comcast.GENERICUTILITY.BaseClass">
    <failure type="java.lang.NullPointerException">
      <![CDATA[java.lang.NullPointerException
at com.crm.comcast.PomRepository.LoginPage.loginToVtiger(LoginPage.java:54)
at com.vtiger.comcast.GENERICUTILITY.BaseClass.loginapp(BaseClass.java:64)
at java.util.ArrayList.forEach(ArrayList.java:1259)
... Removed 31 stack frames]]>
    </failure>
  </testcase> <!-- @BeforeMethod loginapp -->
  <testcase name="@AfterMethod logoutApp" time="0.0" classname="com.vtiger.comcast.GENERICUTILITY.BaseClass">
    <failure type="java.lang.IllegalArgumentException" message="Driver must be set">
      <![CDATA[java.lang.IllegalArgumentException: Driver must be set
at org.openqa.selenium.internal.Require.nonNull(Require.java:59)
at org.openqa.selenium.interactions.Actions.<init>(Actions.java:68)
at com.vtiger.comcast.GENERICUTILITY.WebDriverUtility.mouseOverOnElement(WebDriverUtility.java:163)
at com.crm.comcast.PomRepository.HomePage.signout(HomePage.java:110)
at com.vtiger.comcast.GENERICUTILITY.BaseClass.logoutApp(BaseClass.java:73)
at java.util.ArrayList.forEach(ArrayList.java:1259)
... Removed 32 stack frames]]>
    </failure>
  </testcase> <!-- @AfterMethod logoutApp -->
  <testcase name="@AfterClass closeBrowser" time="0.001" classname="com.vtiger.comcast.GENERICUTILITY.BaseClass">
    <failure type="java.lang.NullPointerException">
      <![CDATA[java.lang.NullPointerException
at com.vtiger.comcast.GENERICUTILITY.BaseClass.closeBrowser(BaseClass.java:81)
at java.util.ArrayList.forEach(ArrayList.java:1259)
... Removed 25 stack frames]]>
    </failure>
  </testcase> <!-- @AfterClass closeBrowser -->
  <testcase name="@BeforeClass launchBrowser" time="-1.657797473645E9" classname="com.vtiger.comcast.GENERICUTILITY.BaseClass">
    <failure type="org.testng.TestNGException" message="
Parameter &amp;apos;Browser&amp;apos; is required by BeforeClass on method launchBrowser but has not been marked @Optional or defined
in C:\Users\Dell\eclipse-workspace\com.crm.comcast.SDET36\hole.xml">
      <![CDATA[org.testng.TestNGException: 
Parameter 'Browser' is required by BeforeClass on method launchBrowser but has not been marked @Optional or defined
in C:\Users\Dell\eclipse-workspace\com.crm.comcast.SDET36\hole.xml
at java.util.ArrayList.forEach(ArrayList.java:1259)
... Removed 22 stack frames]]>
    </failure>
  </testcase> <!-- @BeforeClass launchBrowser -->
  <testcase name="@BeforeMethod loginapp" time="0.001" classname="com.vtiger.comcast.GENERICUTILITY.BaseClass">
    <failure type="java.lang.NullPointerException">
      <![CDATA[java.lang.NullPointerException
at com.crm.comcast.PomRepository.LoginPage.loginToVtiger(LoginPage.java:54)
at com.vtiger.comcast.GENERICUTILITY.BaseClass.loginapp(BaseClass.java:64)
at java.util.ArrayList.forEach(ArrayList.java:1259)
... Removed 31 stack frames]]>
    </failure>
  </testcase> <!-- @BeforeMethod loginapp -->
  <testcase name="@AfterMethod logoutApp" time="0.0" classname="com.vtiger.comcast.GENERICUTILITY.BaseClass">
    <failure type="java.lang.IllegalArgumentException" message="Driver must be set">
      <![CDATA[java.lang.IllegalArgumentException: Driver must be set
at org.openqa.selenium.internal.Require.nonNull(Require.java:59)
at org.openqa.selenium.interactions.Actions.<init>(Actions.java:68)
at com.vtiger.comcast.GENERICUTILITY.WebDriverUtility.mouseOverOnElement(WebDriverUtility.java:163)
at com.crm.comcast.PomRepository.HomePage.signout(HomePage.java:110)
at com.vtiger.comcast.GENERICUTILITY.BaseClass.logoutApp(BaseClass.java:73)
at java.util.ArrayList.forEach(ArrayList.java:1259)
... Removed 32 stack frames]]>
    </failure>
  </testcase> <!-- @AfterMethod logoutApp -->
  <testcase name="@BeforeMethod loginapp" time="0.002" classname="com.vtiger.comcast.GENERICUTILITY.BaseClass">
    <failure type="java.lang.NullPointerException">
      <![CDATA[java.lang.NullPointerException
at com.crm.comcast.PomRepository.LoginPage.loginToVtiger(LoginPage.java:54)
at com.vtiger.comcast.GENERICUTILITY.BaseClass.loginapp(BaseClass.java:64)
at java.util.ArrayList.forEach(ArrayList.java:1259)
... Removed 31 stack frames]]>
    </failure>
  </testcase> <!-- @BeforeMethod loginapp -->
  <testcase name="@AfterMethod logoutApp" time="0.002" classname="com.vtiger.comcast.GENERICUTILITY.BaseClass">
    <failure type="java.lang.IllegalArgumentException" message="Driver must be set">
      <![CDATA[java.lang.IllegalArgumentException: Driver must be set
at org.openqa.selenium.internal.Require.nonNull(Require.java:59)
at org.openqa.selenium.interactions.Actions.<init>(Actions.java:68)
at com.vtiger.comcast.GENERICUTILITY.WebDriverUtility.mouseOverOnElement(WebDriverUtility.java:163)
at com.crm.comcast.PomRepository.HomePage.signout(HomePage.java:110)
at com.vtiger.comcast.GENERICUTILITY.BaseClass.logoutApp(BaseClass.java:73)
at java.util.ArrayList.forEach(ArrayList.java:1259)
... Removed 32 stack frames]]>
    </failure>
  </testcase> <!-- @AfterMethod logoutApp -->
  <testcase name="@AfterClass closeBrowser" time="0.0" classname="com.vtiger.comcast.GENERICUTILITY.BaseClass">
    <failure type="java.lang.NullPointerException">
      <![CDATA[java.lang.NullPointerException
at com.vtiger.comcast.GENERICUTILITY.BaseClass.closeBrowser(BaseClass.java:81)
at java.util.ArrayList.forEach(ArrayList.java:1259)
... Removed 25 stack frames]]>
    </failure>
  </testcase> <!-- @AfterClass closeBrowser -->
  <testcase name="@BeforeClass launchBrowser" time="-1.657797473665E9" classname="com.vtiger.comcast.GENERICUTILITY.BaseClass">
    <failure type="org.testng.TestNGException" message="
Parameter &amp;apos;Browser&amp;apos; is required by BeforeClass on method launchBrowser but has not been marked @Optional or defined
in C:\Users\Dell\eclipse-workspace\com.crm.comcast.SDET36\hole.xml">
      <![CDATA[org.testng.TestNGException: 
Parameter 'Browser' is required by BeforeClass on method launchBrowser but has not been marked @Optional or defined
in C:\Users\Dell\eclipse-workspace\com.crm.comcast.SDET36\hole.xml
at java.util.ArrayList.forEach(ArrayList.java:1259)
... Removed 22 stack frames]]>
    </failure>
  </testcase> <!-- @BeforeClass launchBrowser -->
  <testcase name="@BeforeMethod loginapp" time="0.003" classname="com.vtiger.comcast.GENERICUTILITY.BaseClass">
    <failure type="java.lang.NullPointerException">
      <![CDATA[java.lang.NullPointerException
at com.crm.comcast.PomRepository.LoginPage.loginToVtiger(LoginPage.java:54)
at com.vtiger.comcast.GENERICUTILITY.BaseClass.loginapp(BaseClass.java:64)
at java.util.ArrayList.forEach(ArrayList.java:1259)
... Removed 31 stack frames]]>
    </failure>
  </testcase> <!-- @BeforeMethod loginapp -->
  <testcase name="@AfterMethod logoutApp" time="0.0" classname="com.vtiger.comcast.GENERICUTILITY.BaseClass">
    <failure type="java.lang.IllegalArgumentException" message="Driver must be set">
      <![CDATA[java.lang.IllegalArgumentException: Driver must be set
at org.openqa.selenium.internal.Require.nonNull(Require.java:59)
at org.openqa.selenium.interactions.Actions.<init>(Actions.java:68)
at com.vtiger.comcast.GENERICUTILITY.WebDriverUtility.mouseOverOnElement(WebDriverUtility.java:163)
at com.crm.comcast.PomRepository.HomePage.signout(HomePage.java:110)
at com.vtiger.comcast.GENERICUTILITY.BaseClass.logoutApp(BaseClass.java:73)
at java.util.ArrayList.forEach(ArrayList.java:1259)
... Removed 32 stack frames]]>
    </failure>
  </testcase> <!-- @AfterMethod logoutApp -->
  <testcase name="@BeforeMethod loginapp" time="0.001" classname="com.vtiger.comcast.GENERICUTILITY.BaseClass">
    <failure type="java.lang.NullPointerException">
      <![CDATA[java.lang.NullPointerException
at com.crm.comcast.PomRepository.LoginPage.loginToVtiger(LoginPage.java:54)
at com.vtiger.comcast.GENERICUTILITY.BaseClass.loginapp(BaseClass.java:64)
at java.util.ArrayList.forEach(ArrayList.java:1259)
... Removed 31 stack frames]]>
    </failure>
  </testcase> <!-- @BeforeMethod loginapp -->
  <testcase name="@AfterMethod logoutApp" time="0.0" classname="com.vtiger.comcast.GENERICUTILITY.BaseClass">
    <failure type="java.lang.IllegalArgumentException" message="Driver must be set">
      <![CDATA[java.lang.IllegalArgumentException: Driver must be set
at org.openqa.selenium.internal.Require.nonNull(Require.java:59)
at org.openqa.selenium.interactions.Actions.<init>(Actions.java:68)
at com.vtiger.comcast.GENERICUTILITY.WebDriverUtility.mouseOverOnElement(WebDriverUtility.java:163)
at com.crm.comcast.PomRepository.HomePage.signout(HomePage.java:110)
at com.vtiger.comcast.GENERICUTILITY.BaseClass.logoutApp(BaseClass.java:73)
at java.util.ArrayList.forEach(ArrayList.java:1259)
... Removed 32 stack frames]]>
    </failure>
  </testcase> <!-- @AfterMethod logoutApp -->
  <testcase name="@AfterClass closeBrowser" time="0.0" classname="com.vtiger.comcast.GENERICUTILITY.BaseClass">
    <failure type="java.lang.NullPointerException">
      <![CDATA[java.lang.NullPointerException
at com.vtiger.comcast.GENERICUTILITY.BaseClass.closeBrowser(BaseClass.java:81)
at java.util.ArrayList.forEach(ArrayList.java:1259)
... Removed 25 stack frames]]>
    </failure>
  </testcase> <!-- @AfterClass closeBrowser -->
  <testcase name="@BeforeClass launchBrowser" time="-1.657797474469E9" classname="com.vtiger.comcast.GENERICUTILITY.BaseClass">
    <failure type="org.testng.TestNGException" message="
Parameter &amp;apos;Browser&amp;apos; is required by BeforeClass on method launchBrowser but has not been marked @Optional or defined
in C:\Users\Dell\eclipse-workspace\com.crm.comcast.SDET36\hole.xml">
      <![CDATA[org.testng.TestNGException: 
Parameter 'Browser' is required by BeforeClass on method launchBrowser but has not been marked @Optional or defined
in C:\Users\Dell\eclipse-workspace\com.crm.comcast.SDET36\hole.xml
at java.util.ArrayList.forEach(ArrayList.java:1259)
... Removed 22 stack frames]]>
    </failure>
  </testcase> <!-- @BeforeClass launchBrowser -->
  <testcase name="@BeforeMethod loginapp" time="0.004" classname="com.vtiger.comcast.GENERICUTILITY.BaseClass">
    <failure type="java.lang.NullPointerException">
      <![CDATA[java.lang.NullPointerException
at com.crm.comcast.PomRepository.LoginPage.loginToVtiger(LoginPage.java:54)
at com.vtiger.comcast.GENERICUTILITY.BaseClass.loginapp(BaseClass.java:64)
at java.util.ArrayList.forEach(ArrayList.java:1259)
... Removed 31 stack frames]]>
    </failure>
  </testcase> <!-- @BeforeMethod loginapp -->
  <testcase name="@AfterMethod logoutApp" time="0.0" classname="com.vtiger.comcast.GENERICUTILITY.BaseClass">
    <failure type="java.lang.IllegalArgumentException" message="Driver must be set">
      <![CDATA[java.lang.IllegalArgumentException: Driver must be set
at org.openqa.selenium.internal.Require.nonNull(Require.java:59)
at org.openqa.selenium.interactions.Actions.<init>(Actions.java:68)
at com.vtiger.comcast.GENERICUTILITY.WebDriverUtility.mouseOverOnElement(WebDriverUtility.java:163)
at com.crm.comcast.PomRepository.HomePage.signout(HomePage.java:110)
at com.vtiger.comcast.GENERICUTILITY.BaseClass.logoutApp(BaseClass.java:73)
at java.util.ArrayList.forEach(ArrayList.java:1259)
... Removed 32 stack frames]]>
    </failure>
  </testcase> <!-- @AfterMethod logoutApp -->
  <testcase name="@AfterClass closeBrowser" time="0.001" classname="com.vtiger.comcast.GENERICUTILITY.BaseClass">
    <failure type="java.lang.NullPointerException">
      <![CDATA[java.lang.NullPointerException
at com.vtiger.comcast.GENERICUTILITY.BaseClass.closeBrowser(BaseClass.java:81)
at java.util.ArrayList.forEach(ArrayList.java:1259)
... Removed 25 stack frames]]>
    </failure>
  </testcase> <!-- @AfterClass closeBrowser -->
  <testcase name="@BeforeClass launchBrowser" time="-1.657797474481E9" classname="com.vtiger.comcast.GENERICUTILITY.BaseClass">
    <failure type="org.testng.TestNGException" message="
Parameter &amp;apos;Browser&amp;apos; is required by BeforeClass on method launchBrowser but has not been marked @Optional or defined
in C:\Users\Dell\eclipse-workspace\com.crm.comcast.SDET36\hole.xml">
      <![CDATA[org.testng.TestNGException: 
Parameter 'Browser' is required by BeforeClass on method launchBrowser but has not been marked @Optional or defined
in C:\Users\Dell\eclipse-workspace\com.crm.comcast.SDET36\hole.xml
at java.util.ArrayList.forEach(ArrayList.java:1259)
... Removed 22 stack frames]]>
    </failure>
  </testcase> <!-- @BeforeClass launchBrowser -->
  <testcase name="@BeforeMethod loginapp" time="0.002" classname="com.vtiger.comcast.GENERICUTILITY.BaseClass">
    <failure type="java.lang.NullPointerException">
      <![CDATA[java.lang.NullPointerException
at com.crm.comcast.PomRepository.LoginPage.loginToVtiger(LoginPage.java:54)
at com.vtiger.comcast.GENERICUTILITY.BaseClass.loginapp(BaseClass.java:64)
at java.util.ArrayList.forEach(ArrayList.java:1259)
... Removed 31 stack frames]]>
    </failure>
  </testcase> <!-- @BeforeMethod loginapp -->
  <testcase name="@AfterMethod logoutApp" time="0.001" classname="com.vtiger.comcast.GENERICUTILITY.BaseClass">
    <failure type="java.lang.IllegalArgumentException" message="Driver must be set">
      <![CDATA[java.lang.IllegalArgumentException: Driver must be set
at org.openqa.selenium.internal.Require.nonNull(Require.java:59)
at org.openqa.selenium.interactions.Actions.<init>(Actions.java:68)
at com.vtiger.comcast.GENERICUTILITY.WebDriverUtility.mouseOverOnElement(WebDriverUtility.java:163)
at com.crm.comcast.PomRepository.HomePage.signout(HomePage.java:110)
at com.vtiger.comcast.GENERICUTILITY.BaseClass.logoutApp(BaseClass.java:73)
at java.util.ArrayList.forEach(ArrayList.java:1259)
... Removed 32 stack frames]]>
    </failure>
  </testcase> <!-- @AfterMethod logoutApp -->
  <testcase name="@AfterClass closeBrowser" time="0.0" classname="com.vtiger.comcast.GENERICUTILITY.BaseClass">
    <failure type="java.lang.NullPointerException">
      <![CDATA[java.lang.NullPointerException
at com.vtiger.comcast.GENERICUTILITY.BaseClass.closeBrowser(BaseClass.java:81)
at java.util.ArrayList.forEach(ArrayList.java:1259)
... Removed 25 stack frames]]>
    </failure>
  </testcase> <!-- @AfterClass closeBrowser -->
  <testcase name="amazonTest" time="0.0" classname="Practice.SampleTest">
    <skipped/>
  </testcase> <!-- amazonTest -->
  <testcase name="createDocumentsTest" time="0.0" classname="com.crm.comcast.DocumentsTest.CreateDocumentsTest">
    <skipped/>
  </testcase> <!-- createDocumentsTest -->
  <testcase name="createContactTest" time="0.0" classname="com.crm.comcast.ContactTest.CreateContactTest">
    <skipped/>
  </testcase> <!-- createContactTest -->
  <testcase name="createOrganizationTest" time="0.0" classname="com.crm.comcast.OrganizationTest.CreateOrganizationTest">
    <skipped/>
  </testcase> <!-- createOrganizationTest -->
  <testcase name="mandatoryFields" time="0.0" classname="com.crm.comcast.OrganizationTest.CreateOrganizationTest">
    <skipped/>
  </testcase> <!-- mandatoryFields -->
  <testcase name="createContactTest" time="0.0" classname="com.crm.comcast.ContactTest.DeleteContactTest">
    <skipped/>
  </testcase> <!-- createContactTest -->
  <testcase name="deleteContactsTest" time="0.0" classname="com.crm.comcast.ContactTest.DeleteContactTest">
    <skipped/>
  </testcase> <!-- deleteContactsTest -->
  <testcase name="bookTicketTest" time="0.0" classname="Practice.DataProviderTest"/>
  <testcase name="bookTicketTest" time="0.0" classname="Practice.DataProviderTest"/>
  <testcase name="bookTicketTest" time="0.0" classname="Practice.DataProviderTest"/>
  <testcase name="productToCampaignTest" time="0.0" classname="com.crm.comcast.CampaignTest.ProductToCampaignInteTest">
    <skipped/>
  </testcase> <!-- productToCampaignTest -->
  <testcase name="createCampaignTest" time="0.0" classname="com.crm.comcast.CampaignTest.CreateCampaignTest">
    <skipped/>
  </testcase> <!-- createCampaignTest -->
  <testcase name="@AfterSuite configAS" time="0.0" classname="com.vtiger.comcast.GENERICUTILITY.BaseClass">
    <ignored/>
  </testcase> <!-- @AfterSuite configAS -->
  <testcase name="@AfterSuite configAS" time="0.0" classname="com.vtiger.comcast.GENERICUTILITY.BaseClass">
    <ignored/>
  </testcase> <!-- @AfterSuite configAS -->
  <testcase name="@AfterSuite configAS" time="0.0" classname="com.vtiger.comcast.GENERICUTILITY.BaseClass">
    <ignored/>
  </testcase> <!-- @AfterSuite configAS -->
  <testcase name="@AfterSuite configAS" time="0.0" classname="com.vtiger.comcast.GENERICUTILITY.BaseClass">
    <ignored/>
  </testcase> <!-- @AfterSuite configAS -->
  <testcase name="@AfterSuite configAS" time="0.0" classname="com.vtiger.comcast.GENERICUTILITY.BaseClass">
    <ignored/>
  </testcase> <!-- @AfterSuite configAS -->
  <testcase name="@AfterSuite configAS" time="0.0" classname="com.vtiger.comcast.GENERICUTILITY.BaseClass">
    <ignored/>
  </testcase> <!-- @AfterSuite configAS -->
  <testcase name="@BeforeSuite configBS" time="0.0" classname="com.vtiger.comcast.GENERICUTILITY.BaseClass">
    <ignored/>
  </testcase> <!-- @BeforeSuite configBS -->
  <testcase name="@BeforeSuite configBS" time="0.0" classname="com.vtiger.comcast.GENERICUTILITY.BaseClass">
    <ignored/>
  </testcase> <!-- @BeforeSuite configBS -->
  <testcase name="@BeforeSuite configBS" time="0.0" classname="com.vtiger.comcast.GENERICUTILITY.BaseClass">
    <ignored/>
  </testcase> <!-- @BeforeSuite configBS -->
  <testcase name="@BeforeSuite configBS" time="0.0" classname="com.vtiger.comcast.GENERICUTILITY.BaseClass">
    <ignored/>
  </testcase> <!-- @BeforeSuite configBS -->
  <testcase name="@BeforeSuite configBS" time="0.0" classname="com.vtiger.comcast.GENERICUTILITY.BaseClass">
    <ignored/>
  </testcase> <!-- @BeforeSuite configBS -->
  <testcase name="@BeforeSuite configBS" time="0.0" classname="com.vtiger.comcast.GENERICUTILITY.BaseClass">
    <ignored/>
  </testcase> <!-- @BeforeSuite configBS -->
</testsuite> <!-- Test -->
